<?xml version="1.0" encoding="UTF-8"?>
<coverage generated="1720811980015" clover="3.2.0">
  <project timestamp="1720811980015" name="All files">
    <metrics statements="11" coveredstatements="9" conditionals="4" coveredconditionals="1" methods="4" coveredmethods="2" elements="19" coveredelements="12" complexity="0" loc="11" ncloc="11" packages="2" files="2" classes="2"/>
    <package name="components.faq's">
      <metrics statements="10" coveredstatements="8" conditionals="4" coveredconditionals="1" methods="4" coveredmethods="2"/>
      <file name="Faq.tsx" path="D:\Full stack\Company projects\Fakestore\src\components\faq's\Faq.tsx">
        <metrics statements="10" coveredstatements="8" conditionals="4" coveredconditionals="1" methods="4" coveredmethods="2"/>
        <line num="1" count="1" type="stmt"/>
        <line num="2" count="1" type="stmt"/>
        <line num="4" count="1" type="stmt"/>
        <line num="5" count="1" type="stmt"/>
        <line num="7" count="1" type="stmt"/>
        <line num="8" count="0" type="cond" truecount="0" falsecount="2"/>
        <line num="11" count="1" type="stmt"/>
        <line num="15" count="3" type="stmt"/>
        <line num="19" count="0" type="stmt"/>
        <line num="49" count="1" type="stmt"/>
      </file>
    </package>
    <package name="data">
      <metrics statements="1" coveredstatements="1" conditionals="0" coveredconditionals="0" methods="0" coveredmethods="0"/>
      <file name="QA.ts" path="D:\Full stack\Company projects\Fakestore\src\data\QA.ts">
        <metrics statements="1" coveredstatements="1" conditionals="0" coveredconditionals="0" methods="0" coveredmethods="0"/>
        <line num="1" count="1" type="stmt"/>
      </file>
    </package>
  </project>
</coverage>
