{"D:\\Full stack\\Company projects\\Fakestore\\src\\components\\faq's\\Faq.tsx": {"path":"D:\\Full stack\\Company projects\\Fakestore\\src\\components\\faq's\\Faq.tsx","statementMap":{"0":{"start":{"line":1,"column":0},"end":{"line":1,"column":33}},"1":{"start":{"line":2,"column":0},"end":{"line":2,"column":33}},"2":{"start":{"line":4,"column":12},"end":{"line":47,"column":1}},"3":{"start":{"line":5,"column":32},"end":{"line":5,"column":61}},"4":{"start":{"line":7,"column":20},"end":{"line":9,"column":3}},"5":{"start":{"line":8,"column":4},"end":{"line":8,"column":49}},"6":{"start":{"line":11,"column":2},"end":{"line":46,"column":4}},"7":{"start":{"line":15,"column":8},"end":{"line":16,"column":null}},"8":{"start":{"line":19,"column":25},"end":{"line":19,"column":41}},"9":{"start":{"line":49,"column":0},"end":{"line":49,"column":19}}},"fnMap":{"0":{"name":"(anonymous_0)","decl":{"start":{"line":4,"column":12},"end":{"line":4,"column":15}},"loc":{"start":{"line":4,"column":17},"end":{"line":47,"column":1}}},"1":{"name":"(anonymous_1)","decl":{"start":{"line":7,"column":20},"end":{"line":7,"column":21}},"loc":{"start":{"line":7,"column":38},"end":{"line":9,"column":3}}},"2":{"name":"(anonymous_2)","decl":{"start":{"line":14,"column":14},"end":{"line":14,"column":15}},"loc":{"start":{"line":15,"column":8},"end":{"line":16,"column":null}}},"3":{"name":"(anonymous_3)","decl":{"start":{"line":19,"column":19},"end":{"line":19,"column":22}},"loc":{"start":{"line":19,"column":25},"end":{"line":19,"column":41}}}},"branchMap":{"0":{"loc":{"start":{"line":8,"column":15},"end":{"line":8,"column":47}},"type":"cond-expr","locations":[{"start":{"line":8,"column":35},"end":{"line":8,"column":39}},{"start":{"line":8,"column":42},"end":{"line":8,"column":47}}]},"1":{"loc":{"start":{"line":28,"column":70},"end":{"line":28,"column":107}},"type":"cond-expr","locations":[{"start":{"line":28,"column":90},"end":{"line":28,"column":102}},{"start":{"line":28,"column":105},"end":{"line":28,"column":107}}]}},"s":{"0":1,"1":1,"2":1,"3":1,"4":1,"5":0,"6":1,"7":3,"8":0,"9":1},"f":{"0":1,"1":0,"2":3,"3":0},"b":{"0":[0,0],"1":[0,3]}}
,"D:\\Full stack\\Company projects\\Fakestore\\src\\data\\QA.ts": {"path":"D:\\Full stack\\Company projects\\Fakestore\\src\\data\\QA.ts","statementMap":{"0":{"start":{"line":1,"column":13},"end":{"line":10,"column":null}}},"fnMap":{},"branchMap":{},"s":{"0":1},"f":{},"b":{}}
}
